TN:
SF:/Users/jackyho/Documents/my-path-to-legend/complete_intro_to_react/react_boilerplate/complete-intro-to-react/js/Search.js
FN:30,(anonymous_0)
FN:35,(anonymous_1)
FNF:2
FNH:2
FNDA:84,(anonymous_0)
FNDA:65,(anonymous_1)
DA:5,1
DA:7,3
DA:13,1
DA:19,4
DA:31,84
DA:36,65
LF:6
LH:6
BRF:0
BRH:0
end_of_record
TN:
SF:/Users/jackyho/Documents/my-path-to-legend/complete_intro_to_react/react_boilerplate/complete-intro-to-react/js/ShowCard.js
FNF:0
FNH:0
DA:2,1
DA:4,1
DA:13,0
DA:15,0
LF:4
LH:2
BRF:0
BRH:0
end_of_record
